<?xml version="1.0" encoding="UTF-8" ?>
<testsuite tests="33" failures="0" name="ConversionARomanosTest" time="0.012" errors="0" skipped="0">
  <properties>
[...]
</properties>
  <testcase classname="ConversionARomanosTest" name="testConversion2" time="0.003"/>
  <testcase classname="ConversionARomanosTest" name="testConversion3" time="0"/>
  <testcase classname="ConversionARomanosTest" name="testConversion4" time="0"/>
  <testcase classname="ConversionARomanosTest" name="testConversion5" time="0"/>
  <testcase classname="ConversionARomanosTest" name="testConversion6" time="0"/>
  <testcase classname="ConversionARomanosTest" name="testConversion7" time="0"/>
  <testcase classname="ConversionARomanosTest" name="testConversion8" time="0"/>
  <testcase classname="ConversionARomanosTest" name="testConversion9" time="0"/>
  <testcase classname="ConversionARomanosTest" name="testConversion100" time="0.006"/>
  <testcase classname="ConversionARomanosTest" name="testConversion101" time="0"/>
  <testcase classname="ConversionARomanosTest" name="testConversion122" time="0"/>
  <testcase classname="ConversionARomanosTest" name="testConversion158" time="0"/>
  <testcase classname="ConversionARomanosTest" name="testConversion234" time="0"/>
  <testcase classname="ConversionARomanosTest" name="testConversion372" time="0"/>
  <testcase classname="ConversionARomanosTest" name="testConversion500" time="0"/>
  <testcase classname="ConversionARomanosTest" name="testConversion566" time="0"/>
  <testcase classname="ConversionARomanosTest" name="testConversion893" time="0"/>
  <testcase classname="ConversionARomanosTest" name="testConversion999" time="0"/>
  <testcase classname="ConversionARomanosTest" name="testConversion1000" time="0.003"/>
  <testcase classname="ConversionARomanosTest" name="testConversion1400" time="0"/>
  <testcase classname="ConversionARomanosTest" name="testConversion2000" time="0"/>
  <testcase classname="ConversionARomanosTest" name="testConversion2600" time="0"/>
  <testcase classname="ConversionARomanosTest" name="testConversion2700" time="0"/>
  <testcase classname="ConversionARomanosTest" name="testConversion3000" time="0"/>
  <testcase classname="ConversionARomanosTest" name="testConversion" time="0"/>
  <testcase classname="ConversionARomanosTest" name="testConversion10" time="0"/>
  <testcase classname="ConversionARomanosTest" name="testConversion14" time="0"/>
  <testcase classname="ConversionARomanosTest" name="testConversion16" time="0"/>
  <testcase classname="ConversionARomanosTest" name="testConversion24" time="0"/>
  <testcase classname="ConversionARomanosTest" name="testConversion36" time="0"/>
  <testcase classname="ConversionARomanosTest" name="testConversion49" time="0"/>
  <testcase classname="ConversionARomanosTest" name="testConversion50" time="0"/>
  <testcase classname="ConversionARomanosTest" name="testConversion77" time="0"/>
</testsuite>